\BOOKMARK [1][-]{section.1}{1. Motivation}{}% 1
\BOOKMARK [1][-]{section.2}{2. Module Theory}{}% 2
\BOOKMARK [2][-]{subsection.2.1}{2.1. Definition and Examples}{section.2}% 3
\BOOKMARK [2][-]{subsection.2.2}{2.2. Module Homomorphisms}{section.2}% 4
\BOOKMARK [2][-]{subsection.2.3}{2.3. Direct Products and Direct Sums}{section.2}% 5
\BOOKMARK [2][-]{subsection.2.4}{2.4. Exact Sequences}{section.2}% 6
\BOOKMARK [1][-]{section.3}{3. Category Theory}{}% 7
\BOOKMARK [2][-]{subsection.3.1}{3.1. Definition and Examples}{section.3}% 8
\BOOKMARK [2][-]{subsection.3.2}{3.2. Functors}{section.3}% 9
\BOOKMARK [1][-]{section.4}{4. Homology}{}% 10
\BOOKMARK [1][-]{section.5}{5. The Grothendieck Revolution}{}% 11
\BOOKMARK [2][-]{subsection.5.1}{5.1. Polynomials and Affine Space}{section.5}% 12
\BOOKMARK [2][-]{subsection.5.2}{5.2. Affine Varieties:}{section.5}% 13
\BOOKMARK [2][-]{subsection.5.3}{5.3. Sheaf}{section.5}% 14
\BOOKMARK [2][-]{subsection.5.4}{5.4. Schemes}{section.5}% 15
\BOOKMARK [1][-]{section.6}{6. Appendix A1. Zorn\220s Lemma and Maximal Ideals}{}% 16
\BOOKMARK [1][-]{section.7}{7. Appendix A2. Localization}{}% 17
\BOOKMARK [2][-]{subsection.7.1}{7.1. Appendix A2.1. Relation Machinery}{section.7}% 18
\BOOKMARK [2][-]{subsection.7.2}{7.2. Appendix A2.2. Quotient Field}{section.7}% 19
\BOOKMARK [2][-]{subsection.7.3}{7.3. Appendix A2.3. Localization Definition}{section.7}% 20
\BOOKMARK [1][-]{section.8}{8. Appendix A3. Topology}{}% 21
\BOOKMARK [2][-]{subsection.8.1}{8.1. Appendix A3.1. Topological Spaces}{section.8}% 22
